<?xml version="1.0" encoding="UTF-8"?>
<testng-results skipped="0" failed="0" ignored="0" total="1" passed="1">
  <reporter-output>
  </reporter-output>
  <suite name="Suite" duration-ms="8368" started-at="2021-10-31T12:26:35 EDT" finished-at="2021-10-31T12:26:43 EDT">
    <groups>
      <group name="cucumber">
        <method signature="AbstractTestNGCucumberTests.runScenario(io.cucumber.testng.PickleWrapper,io.cucumber.testng.FeatureWrapper)[pri:0, instance:com.CucumberTestFramework.CucumberTestNGRunner@5ed828d]" name="runScenario" class="io.cucumber.testng.AbstractTestNGCucumberTests"/>
      </group> <!-- cucumber -->
    </groups>
    <test name="Test" duration-ms="8368" started-at="2021-10-31T12:26:35 EDT" finished-at="2021-10-31T12:26:43 EDT">
      <class name="com.CucumberTestFramework.CucumberTestNGRunner">
        <test-method status="PASS" signature="setUpClass()[pri:0, instance:com.CucumberTestFramework.CucumberTestNGRunner@5ed828d]" name="setUpClass" is-config="true" duration-ms="483" started-at="2021-10-31T12:26:35 EDT" finished-at="2021-10-31T12:26:36 EDT">
          <reporter-output>
          </reporter-output>
        </test-method> <!-- setUpClass -->
        <test-method status="PASS" signature="runScenario(io.cucumber.testng.PickleWrapper,io.cucumber.testng.FeatureWrapper)[pri:0, instance:com.CucumberTestFramework.CucumberTestNGRunner@5ed828d]" name="runScenario" duration-ms="6182" started-at="2021-10-31T12:26:36 EDT" description="Runs Cucumber Scenarios" data-provider="scenarios" finished-at="2021-10-31T12:26:42 EDT">
          <params>
            <param index="0">
              <value>
                <![CDATA["Validating user can login succefully with valid credentials"]]>
              </value>
            </param>
            <param index="1">
              <value>
                <![CDATA["Optional[Login functionality]"]]>
              </value>
            </param>
          </params>
          <reporter-output>
          </reporter-output>
        </test-method> <!-- runScenario -->
        <test-method status="PASS" signature="tearDownClass()[pri:0, instance:com.CucumberTestFramework.CucumberTestNGRunner@5ed828d]" name="tearDownClass" is-config="true" duration-ms="1661" started-at="2021-10-31T12:26:42 EDT" finished-at="2021-10-31T12:26:43 EDT">
          <reporter-output>
          </reporter-output>
        </test-method> <!-- tearDownClass -->
      </class> <!-- com.CucumberTestFramework.CucumberTestNGRunner -->
    </test> <!-- Test -->
  </suite> <!-- Suite -->
</testng-results>
